<?xml version="1.0" encoding="UTF-8"?>
<!-- Generated by org.testng.reporters.JUnitReportReporter -->
<testsuite hostname="DESKTOP-7IQGA9L" failures="0" tests="1" name="Testing.Sample.Test" time="5.737" errors="0" timestamp="25 Aug 2019 12:32:26 GMT">
  <testcase classname="Testing.Sample.Test" name="openapp" time="5.737"/>
</testsuite> <!-- Testing.Sample.Test -->
