<?xml version="1.0" encoding="UTF-8"?>
<!-- Generated by org.testng.reporters.JUnitReportReporter -->
<testsuite hostname="DESKTOP-7IQGA9L" failures="0" tests="2" name="com.absa.qa.test.AddUserTest" time="31.922" errors="0" timestamp="25 Aug 2019 12:55:34 GMT">
  <testcase classname="com.absa.qa.test.AddUserTest" name="newAddUser1" time="8.534"/>
  <testcase classname="com.absa.qa.test.AddUserTest" name="newAddUser1" time="23.388"/>
</testsuite> <!-- com.absa.qa.test.AddUserTest -->
